2025-03-26 14:21:52 [[32minfo[39m]: Server started on port 3000
2025-03-26 14:22:48 [[32minfo[39m]: Server started on port 3000
2025-03-26 14:24:20 [[32minfo[39m]: Task created successfully with ID '67e3c0bc1d2f3f756085e1d4'
2025-03-26 14:24:27 [[32minfo[39m]: Task with ID '67e3c0bc1d2f3f756085e1d4' deleted successfully
2025-03-26 14:24:29 [[32minfo[39m]: Token validated successfully
2025-03-26 14:24:29 [[32minfo[39m]: Token validated successfully
2025-03-26 14:24:29 [[32minfo[39m]: Retrieved 5 tasks for user with ID '67e2aed6feca42b0e011bb19'
2025-03-26 14:24:29 [[32minfo[39m]: Retrieved 5 tasks for user with ID '67e2aed6feca42b0e011bb19'
2025-03-26 14:26:08 [[33mwarn[39m]: Invalid credentials for user 'vempalasvdbhaskar@gmail.com'
2025-03-26 14:27:38 [[32minfo[39m]: Server started on port 3000
2025-03-26 14:27:44 [[33mwarn[39m]: Invalid credentials for user 'vempalasvdbhaskar@gmail.com'
2025-03-26 14:28:05 [[32minfo[39m]: User 'suryavempala666@gmail.com' logged in successfully
2025-03-26 14:28:07 [[32minfo[39m]: Token validated successfully
2025-03-26 14:28:07 [[32minfo[39m]: Token validated successfully
2025-03-26 14:28:07 [[32minfo[39m]: Retrieved 5 tasks for user with ID '67e2aed6feca42b0e011bb19'
2025-03-26 14:28:07 [[32minfo[39m]: Retrieved 5 tasks for user with ID '67e2aed6feca42b0e011bb19'
2025-03-26 14:31:42 [[32minfo[39m]: User 'suryavempala666@gmail.com' logged in successfully
2025-03-26 14:31:43 [[32minfo[39m]: Token validated successfully
2025-03-26 14:31:43 [[32minfo[39m]: Token validated successfully
2025-03-26 14:31:43 [[32minfo[39m]: Retrieved 5 tasks for user with ID '67e2aed6feca42b0e011bb19'
2025-03-26 14:31:43 [[32minfo[39m]: Retrieved 5 tasks for user with ID '67e2aed6feca42b0e011bb19'
2025-03-26 14:34:54 [[32minfo[39m]: User 'suryavempala666@gmail.com' logged in successfully
2025-03-26 14:34:55 [[32minfo[39m]: Token validated successfully
2025-03-26 14:34:55 [[32minfo[39m]: Token validated successfully
2025-03-26 14:34:56 [[32minfo[39m]: Retrieved 5 tasks for user with ID '67e2aed6feca42b0e011bb19'
2025-03-26 14:34:56 [[32minfo[39m]: Retrieved 5 tasks for user with ID '67e2aed6feca42b0e011bb19'
2025-03-26 14:37:54 [[32minfo[39m]: User 'suryavempala666@gmail.com' logged in successfully
2025-03-26 14:37:56 [[32minfo[39m]: Token validated successfully
2025-03-26 14:37:56 [[32minfo[39m]: Token validated successfully
2025-03-26 14:37:56 [[32minfo[39m]: Retrieved 5 tasks for user with ID '67e2aed6feca42b0e011bb19'
2025-03-26 14:37:56 [[32minfo[39m]: Retrieved 5 tasks for user with ID '67e2aed6feca42b0e011bb19'
2025-03-26 15:01:24 [[32minfo[39m]: User 'suryavempala666@gmail.com' logged in successfully
2025-03-26 15:01:25 [[32minfo[39m]: Token validated successfully
2025-03-26 15:01:25 [[32minfo[39m]: Token validated successfully
2025-03-26 15:01:25 [[32minfo[39m]: Retrieved 5 tasks for user with ID '67e2aed6feca42b0e011bb19'
2025-03-26 15:01:25 [[32minfo[39m]: Retrieved 5 tasks for user with ID '67e2aed6feca42b0e011bb19'
2025-03-26 15:02:07 [[32minfo[39m]: User 'suryavempala666@gmail.com' logged in successfully
2025-03-26 15:02:09 [[32minfo[39m]: Token validated successfully
2025-03-26 15:02:09 [[32minfo[39m]: Token validated successfully
2025-03-26 15:02:09 [[32minfo[39m]: Retrieved 5 tasks for user with ID '67e2aed6feca42b0e011bb19'
2025-03-26 15:02:09 [[32minfo[39m]: Retrieved 5 tasks for user with ID '67e2aed6feca42b0e011bb19'
2025-03-26 15:02:43 [[32minfo[39m]: User 'suryavempala666@gmail.com' logged in successfully
2025-03-26 15:02:45 [[32minfo[39m]: Token validated successfully
2025-03-26 15:02:45 [[32minfo[39m]: Token validated successfully
2025-03-26 15:02:45 [[32minfo[39m]: Retrieved 5 tasks for user with ID '67e2aed6feca42b0e011bb19'
2025-03-26 15:02:45 [[32minfo[39m]: Retrieved 5 tasks for user with ID '67e2aed6feca42b0e011bb19'
2025-03-26 15:04:23 [[32minfo[39m]: User 'suryavempala666@gmail.com' logged in successfully
2025-03-26 15:04:25 [[32minfo[39m]: Token validated successfully
2025-03-26 15:04:25 [[32minfo[39m]: Token validated successfully
2025-03-26 15:04:25 [[32minfo[39m]: Retrieved 5 tasks for user with ID '67e2aed6feca42b0e011bb19'
2025-03-26 15:04:25 [[32minfo[39m]: Retrieved 5 tasks for user with ID '67e2aed6feca42b0e011bb19'
2025-03-26 15:06:22 [[32minfo[39m]: User 'suryavempala666@gmail.com' logged in successfully
2025-03-26 15:06:24 [[32minfo[39m]: Token validated successfully
2025-03-26 15:06:24 [[32minfo[39m]: Token validated successfully
2025-03-26 15:06:24 [[32minfo[39m]: Retrieved 5 tasks for user with ID '67e2aed6feca42b0e011bb19'
2025-03-26 15:06:24 [[32minfo[39m]: Retrieved 5 tasks for user with ID '67e2aed6feca42b0e011bb19'
2025-03-26 15:09:02 [[32minfo[39m]: User 'vempalasvd@gmail.com' successfully registered
2025-03-26 15:09:04 [[32minfo[39m]: Token validated successfully
2025-03-26 15:09:04 [[32minfo[39m]: Token validated successfully
2025-03-26 15:09:04 [[33mwarn[39m]: No tasks found for user with ID '67e3cb3629b252a846c5a9c5'
2025-03-26 15:09:04 [[33mwarn[39m]: No tasks found for user with ID '67e3cb3629b252a846c5a9c5'
2025-03-26 15:11:26 [[32minfo[39m]: Server started on port 3000
2025-03-26 15:11:57 [[32minfo[39m]: Server started on port 3000
2025-03-26 15:12:04 [[32minfo[39m]: Token validated successfully
2025-03-26 15:12:04 [[32minfo[39m]: Token validated successfully
2025-03-26 15:12:04 [[33mwarn[39m]: No tasks found for user with ID '67e3cb3629b252a846c5a9c5'
2025-03-26 15:12:04 [[33mwarn[39m]: No tasks found for user with ID '67e3cb3629b252a846c5a9c5'
2025-03-26 15:12:12 [[32minfo[39m]: Token validated successfully
2025-03-26 15:12:12 [[32minfo[39m]: Token validated successfully
2025-03-26 15:12:12 [[33mwarn[39m]: No tasks found for user with ID '67e3cb3629b252a846c5a9c5'
2025-03-26 15:12:12 [[33mwarn[39m]: No tasks found for user with ID '67e3cb3629b252a846c5a9c5'
2025-03-26 15:12:33 [[32minfo[39m]: User 'suryavempala666@gmail.com' logged in successfully
2025-03-26 15:12:35 [[32minfo[39m]: Token validated successfully
2025-03-26 15:12:35 [[32minfo[39m]: Token validated successfully
2025-03-26 15:12:35 [[32minfo[39m]: Retrieved 5 tasks for user with ID '67e2aed6feca42b0e011bb19'
2025-03-26 15:12:35 [[32minfo[39m]: Retrieved 5 tasks for user with ID '67e2aed6feca42b0e011bb19'
2025-03-26 15:17:11 [[32minfo[39m]: Token validated successfully
2025-03-26 15:17:11 [[32minfo[39m]: Token validated successfully
2025-03-26 15:17:12 [[32minfo[39m]: Retrieved 5 tasks for user with ID '67e2aed6feca42b0e011bb19'
2025-03-26 15:17:12 [[32minfo[39m]: Retrieved 5 tasks for user with ID '67e2aed6feca42b0e011bb19'
2025-03-26 15:21:32 [[32minfo[39m]: Retrieved 5 tasks for user with ID '67e2aed6feca42b0e011bb19'
2025-03-26 15:21:32 [[32minfo[39m]: Retrieved 5 tasks for user with ID '67e2aed6feca42b0e011bb19'
2025-03-26 15:21:35 [[32minfo[39m]: Token validated successfully
2025-03-26 15:21:35 [[32minfo[39m]: Token validated successfully
2025-03-26 15:21:35 [[32minfo[39m]: Retrieved 5 tasks for user with ID '67e2aed6feca42b0e011bb19'
2025-03-26 15:21:35 [[32minfo[39m]: Retrieved 5 tasks for user with ID '67e2aed6feca42b0e011bb19'
2025-03-26 15:21:52 [[32minfo[39m]: Retrieved 5 tasks for user with ID '67e2aed6feca42b0e011bb19'
2025-03-26 15:21:52 [[32minfo[39m]: Retrieved 5 tasks for user with ID '67e2aed6feca42b0e011bb19'
2025-03-26 15:26:28 [[32minfo[39m]: Token validated successfully
2025-03-26 15:26:28 [[32minfo[39m]: Token validated successfully
2025-03-26 15:26:28 [[32minfo[39m]: Retrieved 5 tasks for user with ID '67e2aed6feca42b0e011bb19'
2025-03-26 15:26:28 [[32minfo[39m]: Retrieved 5 tasks for user with ID '67e2aed6feca42b0e011bb19'
2025-03-26 15:26:30 [[32minfo[39m]: Token validated successfully
2025-03-26 15:26:30 [[32minfo[39m]: Token validated successfully
2025-03-26 15:26:30 [[32minfo[39m]: Retrieved 5 tasks for user with ID '67e2aed6feca42b0e011bb19'
2025-03-26 15:26:30 [[32minfo[39m]: Retrieved 5 tasks for user with ID '67e2aed6feca42b0e011bb19'
2025-03-26 15:29:26 [[32minfo[39m]: Token validated successfully
2025-03-26 15:29:26 [[32minfo[39m]: Token validated successfully
2025-03-26 15:29:26 [[32minfo[39m]: Retrieved 5 tasks for user with ID '67e2aed6feca42b0e011bb19'
2025-03-26 15:29:26 [[32minfo[39m]: Retrieved 5 tasks for user with ID '67e2aed6feca42b0e011bb19'
2025-03-26 15:31:24 [[32minfo[39m]: Token validated successfully
2025-03-26 15:31:24 [[32minfo[39m]: Token validated successfully
2025-03-26 15:31:24 [[32minfo[39m]: Retrieved 5 tasks for user with ID '67e2aed6feca42b0e011bb19'
2025-03-26 15:31:24 [[32minfo[39m]: Retrieved 5 tasks for user with ID '67e2aed6feca42b0e011bb19'
2025-03-26 15:31:58 [[32minfo[39m]: Token validated successfully
2025-03-26 15:31:58 [[32minfo[39m]: Token validated successfully
2025-03-26 15:31:58 [[32minfo[39m]: Retrieved 5 tasks for user with ID '67e2aed6feca42b0e011bb19'
2025-03-26 15:31:58 [[32minfo[39m]: Retrieved 5 tasks for user with ID '67e2aed6feca42b0e011bb19'
2025-03-26 15:39:00 [[32minfo[39m]: User 'vempalasvd@gmail.com' logged in successfully
2025-03-26 15:39:01 [[32minfo[39m]: Token validated successfully
2025-03-26 15:39:01 [[32minfo[39m]: Token validated successfully
2025-03-26 15:39:01 [[33mwarn[39m]: No tasks found for user with ID '67e3cb3629b252a846c5a9c5'
2025-03-26 15:39:01 [[33mwarn[39m]: No tasks found for user with ID '67e3cb3629b252a846c5a9c5'
2025-03-26 15:40:47 [[32minfo[39m]: Task created successfully with ID '67e3d2a7d3e8302dd92f2b53'
2025-03-26 15:41:43 [[32minfo[39m]: Task with ID '67e3d2a7d3e8302dd92f2b53' updated successfully
2025-03-26 15:43:56 [[32minfo[39m]: Task created successfully with ID '67e3d364d3e8302dd92f2b57'
2025-03-26 15:54:58 [[32minfo[39m]: Server started on port 3000
2025-03-26 16:02:15 [[32minfo[39m]: Server started on port undefined
2025-03-26 16:05:09 [[32minfo[39m]: Server started on port 3000
